<?xml version="1.0" encoding="UTF-8"?>
<!-- Generated by org.testng.reporters.JUnitReportReporter -->
<testsuite hostname="INR1900640" failures="0" tests="1" name="APITests" time="1.995" errors="0" timestamp="2022-11-17T20:58:59 IST" skipped="0">
  <testcase classname="APITests" name="test1" time="1.995"/>
  <system-out/>
</testsuite> <!-- APITests -->
